2025-02-07T16:45:02.607813+0000 INFO Calling definition "pipeline_calc_kpi_sales" with args ('data', ['csv']) and kwargs {} utils_logs.py
2025-02-07T16:45:02.609646+0000 INFO Calling definition "extract_json" with args ('data',) and kwargs {} utils_logs.py
2025-02-07T16:45:02.625241+0000 INFO Definition "extract_json" returned             Produto    Categoria  Quantidade  Venda        Data
0    Notebook Gamer  Eletrônicos           3   1500  2023-01-15
1     Mouse Sem Fio  Eletrônicos          10     30  2023-01-15
2  Teclado Mecânico  Eletrônicos           5    100  2023-01-15
3    Notebook Gamer  Eletrônicos           7   1500  2023-01-16
4     Mouse Sem Fio  Eletrônicos          10     30  2023-01-16
5  Teclado Mecânico  Eletrônicos           3    100  2023-01-16
6    Notebook Gamer  Eletrônicos           2   1500  2023-01-17
7     Mouse Sem Fio  Eletrônicos          14     30  2023-01-17
8  Teclado Mecânico  Eletrônicos           2    100  2023-01-17 utils_logs.py
2025-02-07T16:45:02.633075+0000 INFO Calling definition "transform_file" with args (            Produto    Categoria  Quantidade  Venda        Data
0    Notebook Gamer  Eletrônicos           3   1500  2023-01-15
1     Mouse Sem Fio  Eletrônicos          10     30  2023-01-15
2  Teclado Mecânico  Eletrônicos           5    100  2023-01-15
3    Notebook Gamer  Eletrônicos           7   1500  2023-01-16
4     Mouse Sem Fio  Eletrônicos          10     30  2023-01-16
5  Teclado Mecânico  Eletrônicos           3    100  2023-01-16
6    Notebook Gamer  Eletrônicos           2   1500  2023-01-17
7     Mouse Sem Fio  Eletrônicos          14     30  2023-01-17
8  Teclado Mecânico  Eletrônicos           2    100  2023-01-17,) and kwargs {} utils_logs.py
2025-02-07T16:45:02.633075+0000 INFO Calling definition "extract_json" with args ('data',) and kwargs {} utils_logs.py
2025-02-07T16:45:02.642497+0000 INFO Definition "extract_json" returned             Produto    Categoria  Quantidade  Venda        Data
0    Notebook Gamer  Eletrônicos           3   1500  2023-01-15
1     Mouse Sem Fio  Eletrônicos          10     30  2023-01-15
2  Teclado Mecânico  Eletrônicos           5    100  2023-01-15
3    Notebook Gamer  Eletrônicos           7   1500  2023-01-16
4     Mouse Sem Fio  Eletrônicos          10     30  2023-01-16
5  Teclado Mecânico  Eletrônicos           3    100  2023-01-16
6    Notebook Gamer  Eletrônicos           2   1500  2023-01-17
7     Mouse Sem Fio  Eletrônicos          14     30  2023-01-17
8  Teclado Mecânico  Eletrônicos           2    100  2023-01-17 utils_logs.py
2025-02-07T16:45:02.647318+0000 INFO Definition "transform_file" returned             Produto    Categoria  Quantidade  Venda        Data  Total_KPI
0    Notebook Gamer  Eletrônicos           3   1500  2023-01-15       4500
1     Mouse Sem Fio  Eletrônicos          10     30  2023-01-15        300
2  Teclado Mecânico  Eletrônicos           5    100  2023-01-15        500
3    Notebook Gamer  Eletrônicos           7   1500  2023-01-16      10500
4     Mouse Sem Fio  Eletrônicos          10     30  2023-01-16        300
5  Teclado Mecânico  Eletrônicos           3    100  2023-01-16        300
6    Notebook Gamer  Eletrônicos           2   1500  2023-01-17       3000
7     Mouse Sem Fio  Eletrônicos          14     30  2023-01-17        420
8  Teclado Mecânico  Eletrônicos           2    100  2023-01-17        200 utils_logs.py
2025-02-07T16:45:02.651669+0000 INFO Calling definition "columns_from_portuguese_to_english" with args (            Produto    Categoria  Quantidade  Venda        Data  Total_KPI
0    Notebook Gamer  Eletrônicos           3   1500  2023-01-15       4500
1     Mouse Sem Fio  Eletrônicos          10     30  2023-01-15        300
2  Teclado Mecânico  Eletrônicos           5    100  2023-01-15        500
3    Notebook Gamer  Eletrônicos           7   1500  2023-01-16      10500
4     Mouse Sem Fio  Eletrônicos          10     30  2023-01-16        300
5  Teclado Mecânico  Eletrônicos           3    100  2023-01-16        300
6    Notebook Gamer  Eletrônicos           2   1500  2023-01-17       3000
7     Mouse Sem Fio  Eletrônicos          14     30  2023-01-17        420
8  Teclado Mecânico  Eletrônicos           2    100  2023-01-17        200,) and kwargs {} utils_logs.py
2025-02-07T16:45:02.655040+0000 INFO Definition "columns_from_portuguese_to_english" returned             Product     Category  Quantity  Sales        Date  Total_KPI
0    Notebook Gamer  Eletrônicos         3   1500  2023-01-15       4500
1     Mouse Sem Fio  Eletrônicos        10     30  2023-01-15        300
2  Teclado Mecânico  Eletrônicos         5    100  2023-01-15        500
3    Notebook Gamer  Eletrônicos         7   1500  2023-01-16      10500
4     Mouse Sem Fio  Eletrônicos        10     30  2023-01-16        300
5  Teclado Mecânico  Eletrônicos         3    100  2023-01-16        300
6    Notebook Gamer  Eletrônicos         2   1500  2023-01-17       3000
7     Mouse Sem Fio  Eletrônicos        14     30  2023-01-17        420
8  Teclado Mecânico  Eletrônicos         2    100  2023-01-17        200 utils_logs.py
2025-02-07T16:45:02.660270+0000 INFO Calling definition "load_dataframe" with args (            Product     Category  Quantity  Sales        Date  Total_KPI
0    Notebook Gamer  Eletrônicos         3   1500  2023-01-15       4500
1     Mouse Sem Fio  Eletrônicos        10     30  2023-01-15        300
2  Teclado Mecânico  Eletrônicos         5    100  2023-01-15        500
3    Notebook Gamer  Eletrônicos         7   1500  2023-01-16      10500
4     Mouse Sem Fio  Eletrônicos        10     30  2023-01-16        300
5  Teclado Mecânico  Eletrônicos         3    100  2023-01-16        300
6    Notebook Gamer  Eletrônicos         2   1500  2023-01-17       3000
7     Mouse Sem Fio  Eletrônicos        14     30  2023-01-17        420
8  Teclado Mecânico  Eletrônicos         2    100  2023-01-17        200, ['csv']) and kwargs {} utils_logs.py
2025-02-07T16:45:02.662860+0000 INFO Definition "load_dataframe" returned None utils_logs.py
2025-02-07T16:45:02.662860+0000 INFO Definition "pipeline_calc_kpi_sales" returned None utils_logs.py
2025-02-07T16:54:31.187938+0000 INFO Calling definition "pipeline_calc_kpi_sales" with args ('data', ['csv']) and kwargs {} utils_logs.py
2025-02-07T16:54:31.187938+0000 INFO Calling definition "extract_json" with args ('data',) and kwargs {} utils_logs.py
2025-02-07T16:54:31.200077+0000 INFO Definition "extract_json" returned             Produto    Categoria  Quantidade  Venda        Data
0    Notebook Gamer  Eletrônicos           3   1500  2023-01-15
1     Mouse Sem Fio  Eletrônicos          10     30  2023-01-15
2  Teclado Mecânico  Eletrônicos           5    100  2023-01-15
3    Notebook Gamer  Eletrônicos           7   1500  2023-01-16
4     Mouse Sem Fio  Eletrônicos          10     30  2023-01-16
5  Teclado Mecânico  Eletrônicos           3    100  2023-01-16
6    Notebook Gamer  Eletrônicos           2   1500  2023-01-17
7     Mouse Sem Fio  Eletrônicos          14     30  2023-01-17
8  Teclado Mecânico  Eletrônicos           2    100  2023-01-17 utils_logs.py
2025-02-07T16:54:31.204889+0000 INFO Calling definition "transform_file" with args (            Produto    Categoria  Quantidade  Venda        Data
0    Notebook Gamer  Eletrônicos           3   1500  2023-01-15
1     Mouse Sem Fio  Eletrônicos          10     30  2023-01-15
2  Teclado Mecânico  Eletrônicos           5    100  2023-01-15
3    Notebook Gamer  Eletrônicos           7   1500  2023-01-16
4     Mouse Sem Fio  Eletrônicos          10     30  2023-01-16
5  Teclado Mecânico  Eletrônicos           3    100  2023-01-16
6    Notebook Gamer  Eletrônicos           2   1500  2023-01-17
7     Mouse Sem Fio  Eletrônicos          14     30  2023-01-17
8  Teclado Mecânico  Eletrônicos           2    100  2023-01-17,) and kwargs {} utils_logs.py
2025-02-07T16:54:31.204889+0000 INFO Calling definition "extract_json" with args ('data',) and kwargs {} utils_logs.py
2025-02-07T16:54:31.215372+0000 INFO Definition "extract_json" returned             Produto    Categoria  Quantidade  Venda        Data
0    Notebook Gamer  Eletrônicos           3   1500  2023-01-15
1     Mouse Sem Fio  Eletrônicos          10     30  2023-01-15
2  Teclado Mecânico  Eletrônicos           5    100  2023-01-15
3    Notebook Gamer  Eletrônicos           7   1500  2023-01-16
4     Mouse Sem Fio  Eletrônicos          10     30  2023-01-16
5  Teclado Mecânico  Eletrônicos           3    100  2023-01-16
6    Notebook Gamer  Eletrônicos           2   1500  2023-01-17
7     Mouse Sem Fio  Eletrônicos          14     30  2023-01-17
8  Teclado Mecânico  Eletrônicos           2    100  2023-01-17 utils_logs.py
2025-02-07T16:54:31.216980+0000 INFO Definition "transform_file" executed in 0.012090682983398438  utils_logs.py
2025-02-07T16:54:31.221131+0000 INFO Definition "transform_file" returned             Produto    Categoria  Quantidade  Venda        Data  Total_KPI
0    Notebook Gamer  Eletrônicos           3   1500  2023-01-15       4500
1     Mouse Sem Fio  Eletrônicos          10     30  2023-01-15        300
2  Teclado Mecânico  Eletrônicos           5    100  2023-01-15        500
3    Notebook Gamer  Eletrônicos           7   1500  2023-01-16      10500
4     Mouse Sem Fio  Eletrônicos          10     30  2023-01-16        300
5  Teclado Mecânico  Eletrônicos           3    100  2023-01-16        300
6    Notebook Gamer  Eletrônicos           2   1500  2023-01-17       3000
7     Mouse Sem Fio  Eletrônicos          14     30  2023-01-17        420
8  Teclado Mecânico  Eletrônicos           2    100  2023-01-17        200 utils_logs.py
2025-02-07T16:54:31.224377+0000 INFO Calling definition "columns_from_portuguese_to_english" with args (            Produto    Categoria  Quantidade  Venda        Data  Total_KPI
0    Notebook Gamer  Eletrônicos           3   1500  2023-01-15       4500
1     Mouse Sem Fio  Eletrônicos          10     30  2023-01-15        300
2  Teclado Mecânico  Eletrônicos           5    100  2023-01-15        500
3    Notebook Gamer  Eletrônicos           7   1500  2023-01-16      10500
4     Mouse Sem Fio  Eletrônicos          10     30  2023-01-16        300
5  Teclado Mecânico  Eletrônicos           3    100  2023-01-16        300
6    Notebook Gamer  Eletrônicos           2   1500  2023-01-17       3000
7     Mouse Sem Fio  Eletrônicos          14     30  2023-01-17        420
8  Teclado Mecânico  Eletrônicos           2    100  2023-01-17        200,) and kwargs {} utils_logs.py
2025-02-07T16:54:31.230070+0000 INFO Definition "columns_from_portuguese_to_english" returned             Product     Category  Quantity  Sales        Date  Total_KPI
0    Notebook Gamer  Eletrônicos         3   1500  2023-01-15       4500
1     Mouse Sem Fio  Eletrônicos        10     30  2023-01-15        300
2  Teclado Mecânico  Eletrônicos         5    100  2023-01-15        500
3    Notebook Gamer  Eletrônicos         7   1500  2023-01-16      10500
4     Mouse Sem Fio  Eletrônicos        10     30  2023-01-16        300
5  Teclado Mecânico  Eletrônicos         3    100  2023-01-16        300
6    Notebook Gamer  Eletrônicos         2   1500  2023-01-17       3000
7     Mouse Sem Fio  Eletrônicos        14     30  2023-01-17        420
8  Teclado Mecânico  Eletrônicos         2    100  2023-01-17        200 utils_logs.py
2025-02-07T16:54:31.233253+0000 INFO Calling definition "load_dataframe" with args (            Product     Category  Quantity  Sales        Date  Total_KPI
0    Notebook Gamer  Eletrônicos         3   1500  2023-01-15       4500
1     Mouse Sem Fio  Eletrônicos        10     30  2023-01-15        300
2  Teclado Mecânico  Eletrônicos         5    100  2023-01-15        500
3    Notebook Gamer  Eletrônicos         7   1500  2023-01-16      10500
4     Mouse Sem Fio  Eletrônicos        10     30  2023-01-16        300
5  Teclado Mecânico  Eletrônicos         3    100  2023-01-16        300
6    Notebook Gamer  Eletrônicos         2   1500  2023-01-17       3000
7     Mouse Sem Fio  Eletrônicos        14     30  2023-01-17        420
8  Teclado Mecânico  Eletrônicos         2    100  2023-01-17        200, ['csv']) and kwargs {} utils_logs.py
2025-02-07T16:54:31.240167+0000 INFO Definition "load_dataframe" returned None utils_logs.py
2025-02-07T16:54:31.240672+0000 INFO Definition "pipeline_calc_kpi_sales" returned None utils_logs.py
